<?xml version="1.0" encoding="UTF-8"?>
<testsuite name="com.chenge.markdown.engine.MarkdownConfigDslTest" tests="7" skipped="0" failures="0" errors="0" timestamp="2025-08-17T07:27:18" hostname="achen.local" time="0.01">
  <properties/>
  <testcase name="testDslIndividualFeatures" classname="com.chenge.markdown.engine.MarkdownConfigDslTest" time="0.006"/>
  <testcase name="testDslImageConfiguration" classname="com.chenge.markdown.engine.MarkdownConfigDslTest" time="0.0"/>
  <testcase name="testDefaultConfig" classname="com.chenge.markdown.engine.MarkdownConfigDslTest" time="0.0"/>
  <testcase name="testPresetConfigs" classname="com.chenge.markdown.engine.MarkdownConfigDslTest" time="0.001"/>
  <testcase name="testDslDisableAll" classname="com.chenge.markdown.engine.MarkdownConfigDslTest" time="0.0"/>
  <testcase name="testDslConfiguration" classname="com.chenge.markdown.engine.MarkdownConfigDslTest" time="0.0"/>
  <testcase name="testDslPluginConfiguration" classname="com.chenge.markdown.engine.MarkdownConfigDslTest" time="0.0"/>
  <system-out><![CDATA[]]></system-out>
  <system-err><![CDATA[]]></system-err>
</testsuite>
